1553713653379	geckodriver	INFO	geckodriver 0.18.0
1553713653383	geckodriver	INFO	Listening on 127.0.0.1:58025
1553713654612	geckodriver::marionette	INFO	Starting browser /usr/bin/firefox with args ["-marionette"]
1553713659227	addons.webextension.screenshots@mozilla.org	WARN	Loading extension 'screenshots@mozilla.org': Reading manifest: Invalid host permission: resource://pdf.js/
1553713659227	addons.webextension.screenshots@mozilla.org	WARN	Loading extension 'screenshots@mozilla.org': Reading manifest: Invalid host permission: about:reader*
1553713659746	Marionette	TRACE	Received observer notification profile-after-change
1553713660870	Marionette	TRACE	Received observer notification command-line-startup
1553713660870	Marionette	TRACE	Received observer notification nsPref:changed
1553713660870	Marionette	DEBUG	Init aborted (running=false, enabled=true, finalUIStartup=false)
1553713662962	Marionette	TRACE	Received observer notification toplevel-window-ready
1553713667946	geckodriver	INFO	geckodriver 0.18.0
1553713667957	geckodriver	INFO	Listening on 127.0.0.1:50843
1553713669076	geckodriver::marionette	INFO	Starting browser /usr/bin/firefox with args ["-marionette"]
1553713670251	addons.webextension.screenshots@mozilla.org	WARN	Loading extension 'screenshots@mozilla.org': Reading manifest: Invalid host permission: resource://pdf.js/
1553713670251	addons.webextension.screenshots@mozilla.org	WARN	Loading extension 'screenshots@mozilla.org': Reading manifest: Invalid host permission: about:reader*
1553713670369	Marionette	TRACE	Received observer notification profile-after-change
1553713670721	Marionette	TRACE	Received observer notification command-line-startup
1553713670721	Marionette	TRACE	Received observer notification nsPref:changed
1553713670721	Marionette	DEBUG	Init aborted (running=false, enabled=true, finalUIStartup=false)
1553713671521	Marionette	TRACE	Received observer notification toplevel-window-ready
1553713673630	Marionette	TRACE	Received observer notification sessionstore-windows-restored
1553713673630	Marionette	TRACE	Waiting until startup recorder finished recording startup scripts...
1553713673847	Marionette	TRACE	All scripts recorded.
1553713673876	Marionette	DEBUG	Setting recommended pref app.normandy.api_url to 
1553713673877	Marionette	DEBUG	Setting recommended pref app.update.disabledForTesting to true
1553713673877	Marionette	DEBUG	Setting recommended pref browser.contentblocking.introCount to 99
1553713673877	Marionette	DEBUG	Setting recommended pref browser.safebrowsing.passwords.enabled to false
1553713673878	Marionette	DEBUG	Setting recommended pref browser.urlbar.suggest.searches to false
1553713673878	Marionette	DEBUG	Setting recommended pref datareporting.policy.dataSubmissionPolicyAccepted to false
1553713673878	Marionette	DEBUG	Setting recommended pref dom.disable_beforeunload to true
1553713673878	Marionette	DEBUG	Setting recommended pref dom.file.createInChild to true
1553713673878	Marionette	DEBUG	Setting recommended pref toolkit.cosmeticAnimations.enabled to false
1553713673993	Marionette	INFO	Listening on port 43633
1553713673993	Marionette	DEBUG	Remote service is active
1553713674034	Marionette	DEBUG	Accepted connection 0 from 127.0.0.1:35258
1553713674045	Marionette	DEBUG	0 -> [0,1,"newSession",{"acceptInsecureCerts":true,"browserName":"firefox","capabilities":{"desiredCapabilities":{"acceptInsecureCerts":true,"browserName":"firefox"}}}]
1553713674045	Marionette	DEBUG	0 <- [1,1,{"error":"unknown command","message":"newSession","stacktrace":"WebDriverError@chrome://marionette/content/error.js:179: ... et@chrome://marionette/content/server.js:236:8\n_onJSONObjectReady/<@chrome://marionette/content/transport.js:490:9\n"},null]
1553713692113	Marionette	DEBUG	Closed connection 0
[Parent 15551, Gecko_IOThread] WARNING: pipe error (68): Connection reset by peer: file /build/firefox-DVGW0d/firefox-65.0.1+build2/ipc/chromium/src/chrome/common/ipc_channel_posix.cc, line 349
1553713692876	Marionette	TRACE	Received observer notification xpcom-will-shutdown
1553713692877	Marionette	DEBUG	Resetting recommended pref app.normandy.api_url
1553713692877	Marionette	DEBUG	Resetting recommended pref app.update.disabledForTesting
1553713692877	Marionette	DEBUG	Resetting recommended pref browser.contentblocking.introCount
1553713692877	Marionette	DEBUG	Resetting recommended pref browser.safebrowsing.passwords.enabled
1553713692877	Marionette	DEBUG	Resetting recommended pref browser.urlbar.suggest.searches
1553713692877	Marionette	DEBUG	Resetting recommended pref datareporting.policy.dataSubmissionPolicyAccepted
1553713692877	Marionette	DEBUG	Resetting recommended pref dom.disable_beforeunload
1553713692877	Marionette	DEBUG	Resetting recommended pref dom.file.createInChild
1553713692878	Marionette	DEBUG	Resetting recommended pref toolkit.cosmeticAnimations.enabled
1553713692878	Marionette	INFO	Stopped listening on port 43633
1553713692878	Marionette	DEBUG	Remote service is inactive
1553713761359	geckodriver	INFO	geckodriver 0.18.0
1553713761364	geckodriver	INFO	Listening on 127.0.0.1:51179
1553713762484	geckodriver::marionette	INFO	Starting browser /usr/bin/firefox with args ["-marionette", "-headless"]
*** You are running in headless mode.
1553713763164	addons.webextension.screenshots@mozilla.org	WARN	Loading extension 'screenshots@mozilla.org': Reading manifest: Invalid host permission: resource://pdf.js/
1553713763164	addons.webextension.screenshots@mozilla.org	WARN	Loading extension 'screenshots@mozilla.org': Reading manifest: Invalid host permission: about:reader*
1553713763283	Marionette	TRACE	Received observer notification profile-after-change
1553713763974	Marionette	TRACE	Received observer notification command-line-startup
1553713763974	Marionette	TRACE	Received observer notification nsPref:changed
1553713763974	Marionette	DEBUG	Init aborted (running=false, enabled=true, finalUIStartup=false)
1553713764768	Marionette	TRACE	Received observer notification toplevel-window-ready
1553713765800	Marionette	TRACE	Received observer notification sessionstore-windows-restored
1553713765800	Marionette	TRACE	Waiting until startup recorder finished recording startup scripts...
1553713765911	Marionette	TRACE	All scripts recorded.
1553713765911	Marionette	DEBUG	Setting recommended pref app.normandy.api_url to 
1553713765911	Marionette	DEBUG	Setting recommended pref app.update.disabledForTesting to true
1553713765912	Marionette	DEBUG	Setting recommended pref browser.contentblocking.introCount to 99
1553713765912	Marionette	DEBUG	Setting recommended pref browser.safebrowsing.passwords.enabled to false
1553713765913	Marionette	DEBUG	Setting recommended pref browser.urlbar.suggest.searches to false
1553713765914	Marionette	DEBUG	Setting recommended pref datareporting.policy.dataSubmissionPolicyAccepted to false
1553713765914	Marionette	DEBUG	Setting recommended pref dom.disable_beforeunload to true
1553713765914	Marionette	DEBUG	Setting recommended pref dom.file.createInChild to true
1553713765914	Marionette	DEBUG	Setting recommended pref toolkit.cosmeticAnimations.enabled to false
1553713765946	Marionette	INFO	Listening on port 41229
1553713765946	Marionette	DEBUG	Remote service is active
1553713766034	Marionette	DEBUG	Accepted connection 0 from 127.0.0.1:33992
1553713766036	Marionette	DEBUG	0 -> [0,1,"newSession",{"acceptInsecureCerts":true,"browserName":"firefox","capabilities":{"desiredCapabilities":{"acceptInsecureCerts":true,"browserName":"firefox"}}}]
1553713766036	Marionette	DEBUG	0 <- [1,1,{"error":"unknown command","message":"newSession","stacktrace":"WebDriverError@chrome://marionette/content/error.js:179: ... et@chrome://marionette/content/server.js:236:8\n_onJSONObjectReady/<@chrome://marionette/content/transport.js:490:9\n"},null]
console.error: BroadcastService: 
  receivedBroadcastMessage: handler for
  remote-settings/monitor_changes
  threw error:
  Message: Error: Polling for changes failed: NetworkError when attempting to fetch resource..
  Stack:
    remoteSettingsFunction/remoteSettings.pollChanges@resource://services-settings/remote-settings.js:188:13

1553713792165	geckodriver	INFO	geckodriver 0.18.0
1553713792169	geckodriver	INFO	Listening on 127.0.0.1:47315
1553713793284	geckodriver::marionette	INFO	Starting browser /usr/bin/firefox with args ["-marionette", "-headless"]
*** You are running in headless mode.
1553713793557	addons.webextension.screenshots@mozilla.org	WARN	Loading extension 'screenshots@mozilla.org': Reading manifest: Invalid host permission: resource://pdf.js/
1553713793557	addons.webextension.screenshots@mozilla.org	WARN	Loading extension 'screenshots@mozilla.org': Reading manifest: Invalid host permission: about:reader*
1553713793677	Marionette	TRACE	Received observer notification profile-after-change
1553713794149	Marionette	TRACE	Received observer notification command-line-startup
1553713794149	Marionette	TRACE	Received observer notification nsPref:changed
1553713794149	Marionette	DEBUG	Init aborted (running=false, enabled=true, finalUIStartup=false)
1553713795010	Marionette	TRACE	Received observer notification toplevel-window-ready
1553713796795	Marionette	TRACE	Received observer notification sessionstore-windows-restored
1553713796796	Marionette	TRACE	Waiting until startup recorder finished recording startup scripts...
1553713796925	Marionette	TRACE	All scripts recorded.
1553713796925	Marionette	DEBUG	Setting recommended pref app.normandy.api_url to 
1553713796926	Marionette	DEBUG	Setting recommended pref app.update.disabledForTesting to true
1553713796926	Marionette	DEBUG	Setting recommended pref browser.contentblocking.introCount to 99
1553713796927	Marionette	DEBUG	Setting recommended pref browser.safebrowsing.passwords.enabled to false
1553713796927	Marionette	DEBUG	Setting recommended pref browser.urlbar.suggest.searches to false
1553713796928	Marionette	DEBUG	Setting recommended pref datareporting.policy.dataSubmissionPolicyAccepted to false
1553713796929	Marionette	DEBUG	Setting recommended pref dom.disable_beforeunload to true
1553713796929	Marionette	DEBUG	Setting recommended pref dom.file.createInChild to true
1553713796929	Marionette	DEBUG	Setting recommended pref toolkit.cosmeticAnimations.enabled to false
1553713796983	Marionette	INFO	Listening on port 34337
1553713797022	Marionette	DEBUG	Remote service is active
1553713797054	Marionette	DEBUG	Accepted connection 0 from 127.0.0.1:44626
1553713797055	Marionette	DEBUG	0 -> [0,1,"newSession",{"acceptInsecureCerts":true,"browserName":"firefox","capabilities":{"desiredCapabilities":{"acceptInsecureCerts":true,"browserName":"firefox"}}}]
1553713797055	Marionette	DEBUG	0 <- [1,1,{"error":"unknown command","message":"newSession","stacktrace":"WebDriverError@chrome://marionette/content/error.js:179: ... et@chrome://marionette/content/server.js:236:8\n_onJSONObjectReady/<@chrome://marionette/content/transport.js:490:9\n"},null]
console.error: BroadcastService: 
  receivedBroadcastMessage: handler for
  remote-settings/monitor_changes
  threw error:
  Message: Error: Polling for changes failed: NetworkError when attempting to fetch resource..
  Stack:
    remoteSettingsFunction/remoteSettings.pollChanges@resource://services-settings/remote-settings.js:188:13

1553714094494	geckodriver	INFO	geckodriver 0.18.0
1553714094505	geckodriver	INFO	Listening on 127.0.0.1:59569
1553714095760	geckodriver::marionette	INFO	Starting browser /usr/bin/firefox with args ["-marionette", "-headless"]
*** You are running in headless mode.
1553714100007	addons.webextension.screenshots@mozilla.org	WARN	Loading extension 'screenshots@mozilla.org': Reading manifest: Invalid host permission: resource://pdf.js/
1553714100008	addons.webextension.screenshots@mozilla.org	WARN	Loading extension 'screenshots@mozilla.org': Reading manifest: Invalid host permission: about:reader*
1553714100311	Marionette	TRACE	Received observer notification profile-after-change
1553714101373	Marionette	TRACE	Received observer notification command-line-startup
1553714101374	Marionette	TRACE	Received observer notification nsPref:changed
1553714101374	Marionette	DEBUG	Init aborted (running=false, enabled=true, finalUIStartup=false)
1553714102916	Marionette	TRACE	Received observer notification toplevel-window-ready
1553714104408	Marionette	TRACE	Received observer notification sessionstore-windows-restored
1553714104409	Marionette	TRACE	Waiting until startup recorder finished recording startup scripts...
1553714104513	Marionette	TRACE	All scripts recorded.
1553714104513	Marionette	DEBUG	Setting recommended pref app.normandy.api_url to 
1553714104513	Marionette	DEBUG	Setting recommended pref app.update.disabledForTesting to true
1553714104513	Marionette	DEBUG	Setting recommended pref browser.contentblocking.introCount to 99
1553714104513	Marionette	DEBUG	Setting recommended pref browser.safebrowsing.passwords.enabled to false
1553714104514	Marionette	DEBUG	Setting recommended pref browser.urlbar.suggest.searches to false
1553714104514	Marionette	DEBUG	Setting recommended pref datareporting.policy.dataSubmissionPolicyAccepted to false
1553714104514	Marionette	DEBUG	Setting recommended pref dom.disable_beforeunload to true
1553714104514	Marionette	DEBUG	Setting recommended pref dom.file.createInChild to true
1553714104514	Marionette	DEBUG	Setting recommended pref toolkit.cosmeticAnimations.enabled to false
1553714104547	Marionette	INFO	Listening on port 42771
1553714104547	Marionette	DEBUG	Remote service is active
1553714104621	Marionette	DEBUG	Accepted connection 0 from 127.0.0.1:37430
1553714104626	Marionette	DEBUG	0 -> [0,1,"newSession",{"acceptInsecureCerts":true,"browserName":"firefox","capabilities":{"desiredCapabilities":{"acceptInsecureCerts":true,"browserName":"firefox"}}}]
1553714104626	Marionette	DEBUG	0 <- [1,1,{"error":"unknown command","message":"newSession","stacktrace":"WebDriverError@chrome://marionette/content/error.js:179: ... et@chrome://marionette/content/server.js:236:8\n_onJSONObjectReady/<@chrome://marionette/content/transport.js:490:9\n"},null]
console.error: BroadcastService: 
  receivedBroadcastMessage: handler for
  remote-settings/monitor_changes
  threw error:
  Message: Error: Polling for changes failed: NetworkError when attempting to fetch resource..
  Stack:
    remoteSettingsFunction/remoteSettings.pollChanges@resource://services-settings/remote-settings.js:188:13

Exiting due to channel error.
Exiting due to channel error.
Exiting due to channel error.
Exiting due to channel error.
Exiting due to channel error.
Exiting due to channel error.
Exiting due to channel error.
Exiting due to channel error.
Exiting due to channel error.
